{"U:\\personal-projects\\todo-mern\\client\\src\\App.tsx": {"path":"U:\\personal-projects\\todo-mern\\client\\src\\App.tsx","statementMap":{"0":{"start":{"line":1,"column":0},"end":{"line":1,"column":45}},"1":{"start":{"line":2,"column":0},"end":{"line":2,"column":null}},"2":{"start":{"line":9,"column":0},"end":{"line":9,"column":45}},"3":{"start":{"line":10,"column":0},"end":{"line":10,"column":34}},"4":{"start":{"line":11,"column":0},"end":{"line":11,"column":39}},"5":{"start":{"line":12,"column":0},"end":{"line":12,"column":45}},"6":{"start":{"line":13,"column":0},"end":{"line":13,"column":48}},"7":{"start":{"line":16,"column":0},"end":{"line":16,"column":19}},"8":{"start":{"line":18,"column":15},"end":{"line":25,"column":null}},"9":{"start":{"line":29,"column":20},"end":{"line":29,"column":43}},"10":{"start":{"line":31,"column":34},"end":{"line":31,"column":49}},"11":{"start":{"line":33,"column":2},"end":{"line":39,"column":null}},"12":{"start":{"line":34,"column":4},"end":{"line":38,"column":6}},"13":{"start":{"line":41,"column":2},"end":{"line":41,"column":44}},"14":{"start":{"line":44,"column":0},"end":{"line":44,"column":19}}},"fnMap":{"0":{"name":"App","decl":{"start":{"line":28,"column":9},"end":{"line":28,"column":12}},"loc":{"start":{"line":28,"column":12},"end":{"line":42,"column":1}}}},"branchMap":{"0":{"loc":{"start":{"line":33,"column":2},"end":{"line":39,"column":null}},"type":"if","locations":[{"start":{"line":33,"column":2},"end":{"line":39,"column":null}}]},"1":{"loc":{"start":{"line":34,"column":11},"end":{"line":37,"column":null}},"type":"cond-expr","locations":[{"start":{"line":35,"column":6},"end":{"line":35,"column":44}},{"start":{"line":37,"column":6},"end":{"line":37,"column":41}}]}},"s":{"0":0,"1":0,"2":0,"3":0,"4":0,"5":0,"6":0,"7":0,"8":0,"9":0,"10":0,"11":0,"12":0,"13":0,"14":0},"f":{"0":0},"b":{"0":[0],"1":[0,0]}}
,"U:\\personal-projects\\todo-mern\\client\\src\\main.tsx": {"path":"U:\\personal-projects\\todo-mern\\client\\src\\main.tsx","statementMap":{"0":{"start":{"line":1,"column":0},"end":{"line":1,"column":26}},"1":{"start":{"line":2,"column":0},"end":{"line":2,"column":40}},"2":{"start":{"line":3,"column":0},"end":{"line":3,"column":24}},"3":{"start":{"line":4,"column":0},"end":{"line":4,"column":50}},"4":{"start":{"line":6,"column":0},"end":{"line":6,"column":21}},"5":{"start":{"line":8,"column":18},"end":{"line":8,"column":20}},"6":{"start":{"line":10,"column":0},"end":{"line":16,"column":2}}},"fnMap":{},"branchMap":{},"s":{"0":0,"1":0,"2":0,"3":0,"4":0,"5":0,"6":0},"f":{},"b":{}}
,"U:\\personal-projects\\todo-mern\\client\\src\\vite-env.d.ts": {"path":"U:\\personal-projects\\todo-mern\\client\\src\\vite-env.d.ts","statementMap":{},"fnMap":{},"branchMap":{},"s":{},"f":{},"b":{}}
,"U:\\personal-projects\\todo-mern\\client\\src\\components\\InputField.tsx": {"path":"U:\\personal-projects\\todo-mern\\client\\src\\components\\InputField.tsx","statementMap":{"0":{"start":{"line":1,"column":0},"end":{"line":1,"column":68}},"1":{"start":{"line":6,"column":19},"end":{"line":92,"column":1}},"2":{"start":{"line":7,"column":38},"end":{"line":7,"column":50}},"3":{"start":{"line":8,"column":46},"end":{"line":8,"column":61}},"4":{"start":{"line":9,"column":28},"end":{"line":9,"column":40}},"5":{"start":{"line":11,"column":28},"end":{"line":14,"column":3}},"6":{"start":{"line":12,"column":4},"end":{"line":12,"column":38}},"7":{"start":{"line":13,"column":4},"end":{"line":13,"column":17}},"8":{"start":{"line":16,"column":33},"end":{"line":27,"column":3}},"9":{"start":{"line":17,"column":4},"end":{"line":17,"column":46}},"10":{"start":{"line":18,"column":4},"end":{"line":22,"column":null}},"11":{"start":{"line":19,"column":6},"end":{"line":19,"column":null}},"12":{"start":{"line":20,"column":6},"end":{"line":20,"column":40}},"13":{"start":{"line":21,"column":6},"end":{"line":21,"column":13}},"14":{"start":{"line":23,"column":24},"end":{"line":23,"column":34}},"15":{"start":{"line":24,"column":4},"end":{"line":24,"column":22}},"16":{"start":{"line":25,"column":4},"end":{"line":25,"column":35}},"17":{"start":{"line":26,"column":4},"end":{"line":26,"column":22}},"18":{"start":{"line":29,"column":31},"end":{"line":40,"column":3}},"19":{"start":{"line":30,"column":4},"end":{"line":39,"column":null}},"20":{"start":{"line":31,"column":6},"end":{"line":34,"column":null}},"21":{"start":{"line":32,"column":8},"end":{"line":32,"column":42}},"22":{"start":{"line":33,"column":8},"end":{"line":33,"column":15}},"23":{"start":{"line":36,"column":26},"end":{"line":36,"column":36}},"24":{"start":{"line":37,"column":6},"end":{"line":37,"column":24}},"25":{"start":{"line":38,"column":6},"end":{"line":38,"column":37}},"26":{"start":{"line":42,"column":2},"end":{"line":91,"column":4}},"27":{"start":{"line":55,"column":25},"end":{"line":55,"column":59}},"28":{"start":{"line":55,"column":53},"end":{"line":55,"column":58}},"29":{"start":{"line":94,"column":0},"end":{"line":94,"column":26}}},"fnMap":{"0":{"name":"(anonymous_0)","decl":{"start":{"line":6,"column":19},"end":{"line":6,"column":20}},"loc":{"start":{"line":6,"column":57},"end":{"line":92,"column":1}}},"1":{"name":"(anonymous_1)","decl":{"start":{"line":11,"column":28},"end":{"line":11,"column":29}},"loc":{"start":{"line":11,"column":69},"end":{"line":14,"column":3}}},"2":{"name":"(anonymous_2)","decl":{"start":{"line":16,"column":33},"end":{"line":16,"column":38}},"loc":{"start":{"line":16,"column":44},"end":{"line":27,"column":3}}},"3":{"name":"(anonymous_3)","decl":{"start":{"line":29,"column":31},"end":{"line":29,"column":36}},"loc":{"start":{"line":29,"column":76},"end":{"line":40,"column":3}}},"4":{"name":"(anonymous_4)","decl":{"start":{"line":55,"column":19},"end":{"line":55,"column":22}},"loc":{"start":{"line":55,"column":25},"end":{"line":55,"column":59}}},"5":{"name":"(anonymous_5)","decl":{"start":{"line":55,"column":43},"end":{"line":55,"column":44}},"loc":{"start":{"line":55,"column":53},"end":{"line":55,"column":58}}}},"branchMap":{"0":{"loc":{"start":{"line":18,"column":4},"end":{"line":22,"column":null}},"type":"if","locations":[{"start":{"line":18,"column":4},"end":{"line":22,"column":null}}]},"1":{"loc":{"start":{"line":30,"column":4},"end":{"line":39,"column":null}},"type":"if","locations":[{"start":{"line":30,"column":4},"end":{"line":39,"column":null}}]},"2":{"loc":{"start":{"line":31,"column":6},"end":{"line":34,"column":null}},"type":"if","locations":[{"start":{"line":31,"column":6},"end":{"line":34,"column":null}}]},"3":{"loc":{"start":{"line":44,"column":7},"end":{"line":59,"column":null}},"type":"cond-expr","locations":[{"start":{"line":45,"column":8},"end":{"line":48,"column":null}},{"start":{"line":53,"column":8},"end":{"line":56,"column":null}}]},"4":{"loc":{"start":{"line":63,"column":10},"end":{"line":63,"column":null}},"type":"cond-expr","locations":[{"start":{"line":63,"column":27},"end":{"line":63,"column":40}},{"start":{"line":63,"column":43},"end":{"line":63,"column":null}}]},"5":{"loc":{"start":{"line":66,"column":9},"end":{"line":87,"column":null}},"type":"binary-expr","locations":[{"start":{"line":66,"column":9},"end":{"line":66,"column":23}},{"start":{"line":67,"column":10},"end":{"line":86,"column":null}}]},"6":{"loc":{"start":{"line":73,"column":27},"end":{"line":73,"column":47}},"type":"binary-expr","locations":[{"start":{"line":73,"column":27},"end":{"line":73,"column":32}},{"start":{"line":73,"column":36},"end":{"line":73,"column":47}}]}},"s":{"0":1,"1":1,"2":12,"3":12,"4":12,"5":12,"6":8,"7":8,"8":12,"9":1,"10":1,"11":0,"12":0,"13":0,"14":1,"15":1,"16":1,"17":0,"18":12,"19":8,"20":0,"21":0,"22":0,"23":0,"24":0,"25":0,"26":12,"27":1,"28":1,"29":1},"f":{"0":12,"1":8,"2":1,"3":8,"4":1,"5":1},"b":{"0":[0],"1":[0],"2":[0],"3":[10,2],"4":[10,2],"5":[12,10],"6":[10,10]}}
,"U:\\personal-projects\\todo-mern\\client\\src\\components\\LoadingSpinner.tsx": {"path":"U:\\personal-projects\\todo-mern\\client\\src\\components\\LoadingSpinner.tsx","statementMap":{"0":{"start":{"line":3,"column":23},"end":{"line":25,"column":1}},"1":{"start":{"line":4,"column":2},"end":{"line":24,"column":4}},"2":{"start":{"line":27,"column":0},"end":{"line":27,"column":30}}},"fnMap":{"0":{"name":"(anonymous_0)","decl":{"start":{"line":3,"column":23},"end":{"line":3,"column":26}},"loc":{"start":{"line":3,"column":28},"end":{"line":25,"column":1}}}},"branchMap":{},"s":{"0":1,"1":0,"2":1},"f":{"0":0},"b":{}}
,"U:\\personal-projects\\todo-mern\\client\\src\\components\\Login.tsx": {"path":"U:\\personal-projects\\todo-mern\\client\\src\\components\\Login.tsx","statementMap":{"0":{"start":{"line":1,"column":0},"end":{"line":1,"column":52}},"1":{"start":{"line":2,"column":0},"end":{"line":2,"column":32}},"2":{"start":{"line":4,"column":0},"end":{"line":4,"column":49}},"3":{"start":{"line":5,"column":0},"end":{"line":5,"column":41}},"4":{"start":{"line":6,"column":0},"end":{"line":6,"column":34}},"5":{"start":{"line":7,"column":0},"end":{"line":7,"column":49}},"6":{"start":{"line":8,"column":0},"end":{"line":8,"column":46}},"7":{"start":{"line":14,"column":14},"end":{"line":177,"column":1}},"8":{"start":{"line":15,"column":23},"end":{"line":15,"column":46}},"9":{"start":{"line":17,"column":30},"end":{"line":17,"column":45}},"10":{"start":{"line":18,"column":28},"end":{"line":18,"column":42}},"11":{"start":{"line":19,"column":36},"end":{"line":19,"column":51}},"12":{"start":{"line":21,"column":27},"end":{"line":28,"column":3}},"13":{"start":{"line":22,"column":4},"end":{"line":22,"column":23}},"14":{"start":{"line":23,"column":16},"end":{"line":23,"column":39}},"15":{"start":{"line":24,"column":4},"end":{"line":25,"column":29}},"16":{"start":{"line":24,"column":29},"end":{"line":24,"column":68}},"17":{"start":{"line":25,"column":9},"end":{"line":25,"column":29}},"18":{"start":{"line":26,"column":4},"end":{"line":26,"column":24}},"19":{"start":{"line":27,"column":4},"end":{"line":27,"column":25}},"20":{"start":{"line":30,"column":2},"end":{"line":176,"column":4}},"21":{"start":{"line":46,"column":14},"end":{"line":46,"column":19}},"22":{"start":{"line":48,"column":32},"end":{"line":51,"column":11}},"23":{"start":{"line":49,"column":12},"end":{"line":49,"column":27}},"24":{"start":{"line":50,"column":12},"end":{"line":50,"column":34}},"25":{"start":{"line":52,"column":10},"end":{"line":165,"column":12}},"26":{"start":{"line":68,"column":37},"end":{"line":68,"column":54}},"27":{"start":{"line":179,"column":0},"end":{"line":179,"column":21}}},"fnMap":{"0":{"name":"(anonymous_0)","decl":{"start":{"line":14,"column":14},"end":{"line":14,"column":15}},"loc":{"start":{"line":14,"column":41},"end":{"line":177,"column":1}}},"1":{"name":"(anonymous_1)","decl":{"start":{"line":21,"column":27},"end":{"line":21,"column":32}},"loc":{"start":{"line":21,"column":73},"end":{"line":28,"column":3}}},"2":{"name":"(anonymous_2)","decl":{"start":{"line":37,"column":9},"end":{"line":37,"column":10}},"loc":{"start":{"line":37,"column":19},"end":{"line":166,"column":9}}},"3":{"name":"(anonymous_3)","decl":{"start":{"line":48,"column":32},"end":{"line":48,"column":33}},"loc":{"start":{"line":48,"column":43},"end":{"line":51,"column":11}}},"4":{"name":"(anonymous_4)","decl":{"start":{"line":68,"column":31},"end":{"line":68,"column":34}},"loc":{"start":{"line":68,"column":37},"end":{"line":68,"column":54}}}},"branchMap":{"0":{"loc":{"start":{"line":24,"column":4},"end":{"line":25,"column":29}},"type":"if","locations":[{"start":{"line":24,"column":4},"end":{"line":25,"column":29}},{"start":{"line":25,"column":9},"end":{"line":25,"column":29}}]},"1":{"loc":{"start":{"line":81,"column":22},"end":{"line":81,"column":null}},"type":"cond-expr","locations":[{"start":{"line":81,"column":34},"end":{"line":81,"column":46}},{"start":{"line":81,"column":49},"end":{"line":81,"column":null}}]},"2":{"loc":{"start":{"line":103,"column":26},"end":{"line":105,"column":null}},"type":"cond-expr","locations":[{"start":{"line":104,"column":30},"end":{"line":104,"column":50}},{"start":{"line":105,"column":30},"end":{"line":105,"column":null}}]},"3":{"loc":{"start":{"line":103,"column":26},"end":{"line":103,"column":55}},"type":"binary-expr","locations":[{"start":{"line":103,"column":26},"end":{"line":103,"column":38}},{"start":{"line":103,"column":42},"end":{"line":103,"column":55}}]},"4":{"loc":{"start":{"line":108,"column":23},"end":{"line":109,"column":null}},"type":"binary-expr","locations":[{"start":{"line":108,"column":23},"end":{"line":108,"column":35}},{"start":{"line":108,"column":39},"end":{"line":108,"column":52}},{"start":{"line":109,"column":24},"end":{"line":109,"column":74}}]},"5":{"loc":{"start":{"line":135,"column":26},"end":{"line":137,"column":null}},"type":"cond-expr","locations":[{"start":{"line":136,"column":30},"end":{"line":136,"column":50}},{"start":{"line":137,"column":30},"end":{"line":137,"column":null}}]},"6":{"loc":{"start":{"line":135,"column":26},"end":{"line":135,"column":61}},"type":"binary-expr","locations":[{"start":{"line":135,"column":26},"end":{"line":135,"column":41}},{"start":{"line":135,"column":45},"end":{"line":135,"column":61}}]},"7":{"loc":{"start":{"line":140,"column":23},"end":{"line":141,"column":null}},"type":"binary-expr","locations":[{"start":{"line":140,"column":23},"end":{"line":140,"column":38}},{"start":{"line":140,"column":42},"end":{"line":140,"column":58}},{"start":{"line":141,"column":24},"end":{"line":141,"column":77}}]},"8":{"loc":{"start":{"line":143,"column":23},"end":{"line":144,"column":null}},"type":"binary-expr","locations":[{"start":{"line":143,"column":23},"end":{"line":143,"column":28}},{"start":{"line":144,"column":24},"end":{"line":144,"column":78}}]},"9":{"loc":{"start":{"line":157,"column":19},"end":{"line":160,"column":null}},"type":"binary-expr","locations":[{"start":{"line":157,"column":19},"end":{"line":157,"column":28}},{"start":{"line":158,"column":20},"end":{"line":159,"column":null}}]},"10":{"loc":{"start":{"line":169,"column":7},"end":{"line":173,"column":null}},"type":"binary-expr","locations":[{"start":{"line":169,"column":7},"end":{"line":169,"column":13}},{"start":{"line":170,"column":8},"end":{"line":172,"column":null}}]}},"s":{"0":0,"1":0,"2":0,"3":0,"4":0,"5":0,"6":0,"7":0,"8":0,"9":0,"10":0,"11":0,"12":0,"13":0,"14":0,"15":0,"16":0,"17":0,"18":0,"19":0,"20":0,"21":0,"22":0,"23":0,"24":0,"25":0,"26":0,"27":0},"f":{"0":0,"1":0,"2":0,"3":0,"4":0},"b":{"0":[0,0],"1":[0,0],"2":[0,0],"3":[0,0],"4":[0,0,0],"5":[0,0],"6":[0,0],"7":[0,0,0],"8":[0,0],"9":[0,0],"10":[0,0]}}
,"U:\\personal-projects\\todo-mern\\client\\src\\components\\ModalMsg.tsx": {"path":"U:\\personal-projects\\todo-mern\\client\\src\\components\\ModalMsg.tsx","statementMap":{"0":{"start":{"line":6,"column":17},"end":{"line":23,"column":1}},"1":{"start":{"line":7,"column":2},"end":{"line":22,"column":4}},"2":{"start":{"line":10,"column":21},"end":{"line":10,"column":37}},"3":{"start":{"line":25,"column":0},"end":{"line":25,"column":24}}},"fnMap":{"0":{"name":"(anonymous_0)","decl":{"start":{"line":6,"column":17},"end":{"line":6,"column":18}},"loc":{"start":{"line":6,"column":60},"end":{"line":23,"column":1}}},"1":{"name":"(anonymous_1)","decl":{"start":{"line":10,"column":15},"end":{"line":10,"column":18}},"loc":{"start":{"line":10,"column":21},"end":{"line":10,"column":37}}}},"branchMap":{},"s":{"0":0,"1":0,"2":0,"3":0},"f":{"0":0,"1":0},"b":{}}
,"U:\\personal-projects\\todo-mern\\client\\src\\components\\NavigationBar.tsx": {"path":"U:\\personal-projects\\todo-mern\\client\\src\\components\\NavigationBar.tsx","statementMap":{"0":{"start":{"line":9,"column":22},"end":{"line":53,"column":1}},"1":{"start":{"line":14,"column":2},"end":{"line":52,"column":4}},"2":{"start":{"line":49,"column":23},"end":{"line":49,"column":52}},"3":{"start":{"line":49,"column":46},"end":{"line":49,"column":51}},"4":{"start":{"line":55,"column":0},"end":{"line":55,"column":29}}},"fnMap":{"0":{"name":"(anonymous_0)","decl":{"start":{"line":9,"column":22},"end":{"line":9,"column":23}},"loc":{"start":{"line":13,"column":12},"end":{"line":53,"column":1}}},"1":{"name":"(anonymous_1)","decl":{"start":{"line":49,"column":17},"end":{"line":49,"column":20}},"loc":{"start":{"line":49,"column":23},"end":{"line":49,"column":52}}},"2":{"name":"(anonymous_2)","decl":{"start":{"line":49,"column":36},"end":{"line":49,"column":37}},"loc":{"start":{"line":49,"column":46},"end":{"line":49,"column":51}}}},"branchMap":{"0":{"loc":{"start":{"line":46,"column":22},"end":{"line":46,"column":53}},"type":"cond-expr","locations":[{"start":{"line":46,"column":34},"end":{"line":46,"column":36}},{"start":{"line":46,"column":39},"end":{"line":46,"column":53}}]}},"s":{"0":1,"1":2,"2":0,"3":0,"4":1},"f":{"0":2,"1":0,"2":0},"b":{"0":[0,2]}}
,"U:\\personal-projects\\todo-mern\\client\\src\\components\\Register.tsx": {"path":"U:\\personal-projects\\todo-mern\\client\\src\\components\\Register.tsx","statementMap":{"0":{"start":{"line":1,"column":0},"end":{"line":1,"column":52}},"1":{"start":{"line":2,"column":0},"end":{"line":2,"column":32}},"2":{"start":{"line":4,"column":0},"end":{"line":4,"column":49}},"3":{"start":{"line":5,"column":0},"end":{"line":5,"column":44}},"4":{"start":{"line":6,"column":0},"end":{"line":6,"column":60}},"5":{"start":{"line":7,"column":0},"end":{"line":7,"column":46}},"6":{"start":{"line":13,"column":17},"end":{"line":220,"column":1}},"7":{"start":{"line":14,"column":23},"end":{"line":14,"column":46}},"8":{"start":{"line":16,"column":28},"end":{"line":16,"column":42}},"9":{"start":{"line":17,"column":36},"end":{"line":17,"column":51}},"10":{"start":{"line":19,"column":27},"end":{"line":31,"column":3}},"11":{"start":{"line":23,"column":4},"end":{"line":23,"column":23}},"12":{"start":{"line":24,"column":16},"end":{"line":24,"column":42}},"13":{"start":{"line":25,"column":4},"end":{"line":25,"column":21}},"14":{"start":{"line":26,"column":4},"end":{"line":27,"column":29}},"15":{"start":{"line":26,"column":29},"end":{"line":26,"column":61}},"16":{"start":{"line":27,"column":9},"end":{"line":27,"column":29}},"17":{"start":{"line":29,"column":4},"end":{"line":29,"column":25}},"18":{"start":{"line":30,"column":4},"end":{"line":30,"column":24}},"19":{"start":{"line":33,"column":2},"end":{"line":219,"column":4}},"20":{"start":{"line":49,"column":12},"end":{"line":49,"column":17}},"21":{"start":{"line":50,"column":8},"end":{"line":216,"column":10}},"22":{"start":{"line":66,"column":35},"end":{"line":66,"column":53}},"23":{"start":{"line":175,"column":24},"end":{"line":175,"column":67}},"24":{"start":{"line":222,"column":0},"end":{"line":222,"column":24}}},"fnMap":{"0":{"name":"(anonymous_0)","decl":{"start":{"line":13,"column":17},"end":{"line":13,"column":18}},"loc":{"start":{"line":13,"column":44},"end":{"line":220,"column":1}}},"1":{"name":"(anonymous_1)","decl":{"start":{"line":19,"column":27},"end":{"line":19,"column":32}},"loc":{"start":{"line":19,"column":73},"end":{"line":31,"column":3}}},"2":{"name":"(anonymous_2)","decl":{"start":{"line":39,"column":7},"end":{"line":39,"column":8}},"loc":{"start":{"line":39,"column":17},"end":{"line":217,"column":7}}},"3":{"name":"(anonymous_3)","decl":{"start":{"line":66,"column":29},"end":{"line":66,"column":32}},"loc":{"start":{"line":66,"column":35},"end":{"line":66,"column":53}}},"4":{"name":"(anonymous_4)","decl":{"start":{"line":174,"column":32},"end":{"line":174,"column":33}},"loc":{"start":{"line":175,"column":24},"end":{"line":175,"column":67}}}},"branchMap":{"0":{"loc":{"start":{"line":26,"column":4},"end":{"line":27,"column":29}},"type":"if","locations":[{"start":{"line":26,"column":4},"end":{"line":27,"column":29}},{"start":{"line":27,"column":9},"end":{"line":27,"column":29}}]},"1":{"loc":{"start":{"line":79,"column":20},"end":{"line":79,"column":null}},"type":"cond-expr","locations":[{"start":{"line":79,"column":32},"end":{"line":79,"column":44}},{"start":{"line":79,"column":47},"end":{"line":79,"column":null}}]},"2":{"loc":{"start":{"line":101,"column":24},"end":{"line":103,"column":null}},"type":"cond-expr","locations":[{"start":{"line":102,"column":28},"end":{"line":102,"column":48}},{"start":{"line":103,"column":28},"end":{"line":103,"column":null}}]},"3":{"loc":{"start":{"line":101,"column":24},"end":{"line":101,"column":51}},"type":"binary-expr","locations":[{"start":{"line":101,"column":24},"end":{"line":101,"column":35}},{"start":{"line":101,"column":39},"end":{"line":101,"column":51}}]},"4":{"loc":{"start":{"line":106,"column":21},"end":{"line":107,"column":null}},"type":"binary-expr","locations":[{"start":{"line":106,"column":21},"end":{"line":106,"column":32}},{"start":{"line":106,"column":36},"end":{"line":106,"column":48}},{"start":{"line":107,"column":22},"end":{"line":107,"column":71}}]},"5":{"loc":{"start":{"line":125,"column":24},"end":{"line":127,"column":null}},"type":"cond-expr","locations":[{"start":{"line":126,"column":28},"end":{"line":126,"column":48}},{"start":{"line":127,"column":28},"end":{"line":127,"column":null}}]},"6":{"loc":{"start":{"line":125,"column":24},"end":{"line":125,"column":53}},"type":"binary-expr","locations":[{"start":{"line":125,"column":24},"end":{"line":125,"column":36}},{"start":{"line":125,"column":40},"end":{"line":125,"column":53}}]},"7":{"loc":{"start":{"line":130,"column":21},"end":{"line":131,"column":null}},"type":"binary-expr","locations":[{"start":{"line":130,"column":21},"end":{"line":130,"column":33}},{"start":{"line":130,"column":37},"end":{"line":130,"column":50}},{"start":{"line":131,"column":22},"end":{"line":131,"column":72}}]},"8":{"loc":{"start":{"line":151,"column":24},"end":{"line":153,"column":null}},"type":"cond-expr","locations":[{"start":{"line":152,"column":28},"end":{"line":152,"column":48}},{"start":{"line":153,"column":28},"end":{"line":153,"column":null}}]},"9":{"loc":{"start":{"line":151,"column":24},"end":{"line":151,"column":53}},"type":"binary-expr","locations":[{"start":{"line":151,"column":24},"end":{"line":151,"column":36}},{"start":{"line":151,"column":40},"end":{"line":151,"column":53}}]},"10":{"loc":{"start":{"line":156,"column":21},"end":{"line":157,"column":null}},"type":"binary-expr","locations":[{"start":{"line":156,"column":21},"end":{"line":156,"column":36}},{"start":{"line":156,"column":40},"end":{"line":156,"column":56}},{"start":{"line":157,"column":22},"end":{"line":157,"column":75}}]},"11":{"loc":{"start":{"line":181,"column":19},"end":{"line":182,"column":null}},"type":"binary-expr","locations":[{"start":{"line":181,"column":19},"end":{"line":181,"column":24}},{"start":{"line":182,"column":20},"end":{"line":182,"column":74}}]},"12":{"loc":{"start":{"line":208,"column":17},"end":{"line":211,"column":null}},"type":"binary-expr","locations":[{"start":{"line":208,"column":17},"end":{"line":208,"column":26}},{"start":{"line":209,"column":18},"end":{"line":210,"column":null}}]}},"s":{"0":0,"1":0,"2":0,"3":0,"4":0,"5":0,"6":0,"7":0,"8":0,"9":0,"10":0,"11":0,"12":0,"13":0,"14":0,"15":0,"16":0,"17":0,"18":0,"19":0,"20":0,"21":0,"22":0,"23":0,"24":0},"f":{"0":0,"1":0,"2":0,"3":0,"4":0},"b":{"0":[0,0],"1":[0,0],"2":[0,0],"3":[0,0],"4":[0,0,0],"5":[0,0],"6":[0,0],"7":[0,0,0],"8":[0,0],"9":[0,0],"10":[0,0,0],"11":[0,0],"12":[0,0]}}
,"U:\\personal-projects\\todo-mern\\client\\src\\components\\TodoItem.tsx": {"path":"U:\\personal-projects\\todo-mern\\client\\src\\components\\TodoItem.tsx","statementMap":{"0":{"start":{"line":1,"column":0},"end":{"line":1,"column":69}},"1":{"start":{"line":14,"column":17},"end":{"line":98,"column":1}},"2":{"start":{"line":24,"column":38},"end":{"line":24,"column":53}},"3":{"start":{"line":25,"column":42},"end":{"line":25,"column":56}},"4":{"start":{"line":26,"column":21},"end":{"line":31,"column":3}},"5":{"start":{"line":28,"column":4},"end":{"line":28,"column":63}},"6":{"start":{"line":29,"column":4},"end":{"line":29,"column":25}},"7":{"start":{"line":33,"column":2},"end":{"line":35,"column":13}},"8":{"start":{"line":34,"column":4},"end":{"line":34,"column":26}},"9":{"start":{"line":37,"column":2},"end":{"line":97,"column":4}},"10":{"start":{"line":52,"column":26},"end":{"line":52,"column":66}},"11":{"start":{"line":63,"column":12},"end":{"line":63,"column":38}},"12":{"start":{"line":64,"column":12},"end":{"line":64,"column":71}},"13":{"start":{"line":100,"column":0},"end":{"line":100,"column":24}}},"fnMap":{"0":{"name":"(anonymous_0)","decl":{"start":{"line":14,"column":17},"end":{"line":14,"column":18}},"loc":{"start":{"line":23,"column":21},"end":{"line":98,"column":1}}},"1":{"name":"(anonymous_1)","decl":{"start":{"line":26,"column":21},"end":{"line":26,"column":24}},"loc":{"start":{"line":26,"column":26},"end":{"line":31,"column":3}}},"2":{"name":"(anonymous_2)","decl":{"start":{"line":33,"column":12},"end":{"line":33,"column":15}},"loc":{"start":{"line":33,"column":17},"end":{"line":35,"column":3}}},"3":{"name":"(anonymous_3)","decl":{"start":{"line":52,"column":20},"end":{"line":52,"column":23}},"loc":{"start":{"line":52,"column":26},"end":{"line":52,"column":66}}},"4":{"name":"(anonymous_4)","decl":{"start":{"line":62,"column":20},"end":{"line":62,"column":21}},"loc":{"start":{"line":62,"column":26},"end":{"line":65,"column":11}}}},"branchMap":{"0":{"loc":{"start":{"line":40,"column":8},"end":{"line":42,"column":null}},"type":"cond-expr","locations":[{"start":{"line":41,"column":12},"end":{"line":41,"column":44}},{"start":{"line":42,"column":12},"end":{"line":42,"column":null}}]},"1":{"loc":{"start":{"line":57,"column":7},"end":{"line":75,"column":null}},"type":"cond-expr","locations":[{"start":{"line":58,"column":8},"end":{"line":67,"column":null}},{"start":{"line":70,"column":8},"end":{"line":74,"column":null}}]},"2":{"loc":{"start":{"line":72,"column":24},"end":{"line":72,"column":68}},"type":"cond-expr","locations":[{"start":{"line":72,"column":49},"end":{"line":72,"column":63}},{"start":{"line":72,"column":66},"end":{"line":72,"column":68}}]},"3":{"loc":{"start":{"line":85,"column":7},"end":{"line":94,"column":null}},"type":"binary-expr","locations":[{"start":{"line":85,"column":7},"end":{"line":85,"column":26}},{"start":{"line":86,"column":8},"end":{"line":93,"column":null}}]}},"s":{"0":1,"1":1,"2":4,"3":4,"4":4,"5":0,"6":0,"7":4,"8":4,"9":4,"10":0,"11":0,"12":0,"13":1},"f":{"0":4,"1":0,"2":4,"3":0,"4":0},"b":{"0":[0,4],"1":[0,4],"2":[2,2],"3":[4,0]}}
,"U:\\personal-projects\\todo-mern\\client\\src\\components\\TopBar.tsx": {"path":"U:\\personal-projects\\todo-mern\\client\\src\\components\\TopBar.tsx","statementMap":{"0":{"start":{"line":1,"column":0},"end":{"line":1,"column":35}},"1":{"start":{"line":3,"column":0},"end":{"line":3,"column":49}},"2":{"start":{"line":7,"column":15},"end":{"line":19,"column":1}},"3":{"start":{"line":8,"column":30},"end":{"line":8,"column":53}},"4":{"start":{"line":9,"column":2},"end":{"line":18,"column":4}},"5":{"start":{"line":13,"column":23},"end":{"line":13,"column":45}},"6":{"start":{"line":21,"column":0},"end":{"line":21,"column":22}}},"fnMap":{"0":{"name":"(anonymous_0)","decl":{"start":{"line":7,"column":15},"end":{"line":7,"column":18}},"loc":{"start":{"line":7,"column":20},"end":{"line":19,"column":1}}},"1":{"name":"(anonymous_1)","decl":{"start":{"line":13,"column":17},"end":{"line":13,"column":20}},"loc":{"start":{"line":13,"column":23},"end":{"line":13,"column":45}}}},"branchMap":{},"s":{"0":0,"1":0,"2":0,"3":0,"4":0,"5":0,"6":0},"f":{"0":0,"1":0},"b":{}}
,"U:\\personal-projects\\todo-mern\\client\\src\\context\\UserContext.tsx": {"path":"U:\\personal-projects\\todo-mern\\client\\src\\context\\UserContext.tsx","statementMap":{"0":{"start":{"line":1,"column":0},"end":{"line":1,"column":45}},"1":{"start":{"line":4,"column":21},"end":{"line":14,"column":2}},"2":{"start":{"line":16,"column":20},"end":{"line":16,"column":47}},"3":{"start":{"line":18,"column":0},"end":{"line":18,"column":27}}},"fnMap":{"0":{"name":"(anonymous_0)","decl":{"start":{"line":12,"column":13},"end":{"line":12,"column":14}},"loc":{"start":{"line":12,"column":46},"end":{"line":12,"column":49}}}},"branchMap":{},"s":{"0":1,"1":1,"2":1,"3":1},"f":{"0":0},"b":{}}
,"U:\\personal-projects\\todo-mern\\client\\src\\context\\UserReducer.tsx": {"path":"U:\\personal-projects\\todo-mern\\client\\src\\context\\UserReducer.tsx","statementMap":{"0":{"start":{"line":1,"column":0},"end":{"line":1,"column":48}},"1":{"start":{"line":4,"column":13},"end":{"line":4,"column":51}},"2":{"start":{"line":5,"column":13},"end":{"line":11,"column":2}},"3":{"start":{"line":13,"column":13},"end":{"line":15,"column":2}},"4":{"start":{"line":17,"column":23},"end":{"line":27,"column":1}},"5":{"start":{"line":18,"column":2},"end":{"line":26,"column":null}},"6":{"start":{"line":20,"column":6},"end":{"line":23,"column":8}},"7":{"start":{"line":25,"column":6},"end":{"line":25,"column":19}},"8":{"start":{"line":17,"column":13},"end":{"line":17,"column":23}},"9":{"start":{"line":29,"column":13},"end":{"line":39,"column":1}},"10":{"start":{"line":30,"column":2},"end":{"line":38,"column":12}},"11":{"start":{"line":31,"column":17},"end":{"line":31,"column":57}},"12":{"start":{"line":32,"column":4},"end":{"line":32,"column":32}},"13":{"start":{"line":33,"column":4},"end":{"line":36,"column":null}},"14":{"start":{"line":33,"column":23},"end":{"line":33,"column":47}},"15":{"start":{"line":35,"column":6},"end":{"line":35,"column":78}},"16":{"start":{"line":37,"column":4},"end":{"line":37,"column":25}},"17":{"start":{"line":42,"column":30},"end":{"line":55,"column":null}},"18":{"start":{"line":44,"column":23},"end":{"line":44,"column":45}},"19":{"start":{"line":45,"column":6},"end":{"line":52,"column":null}},"20":{"start":{"line":47,"column":8},"end":{"line":47,"column":75}},"21":{"start":{"line":53,"column":6},"end":{"line":53,"column":22}},"22":{"start":{"line":57,"column":2},"end":{"line":57,"column":58}},"23":{"start":{"line":41,"column":0},"end":{"line":41,"column":16}}},"fnMap":{"0":{"name":"(anonymous_0)","decl":{"start":{"line":17,"column":23},"end":{"line":17,"column":24}},"loc":{"start":{"line":17,"column":60},"end":{"line":27,"column":1}}},"1":{"name":"(anonymous_1)","decl":{"start":{"line":29,"column":13},"end":{"line":29,"column":16}},"loc":{"start":{"line":29,"column":18},"end":{"line":39,"column":1}}},"2":{"name":"usePersistReducer","decl":{"start":{"line":41,"column":16},"end":{"line":41,"column":33}},"loc":{"start":{"line":41,"column":33},"end":{"line":58,"column":1}}},"3":{"name":"(anonymous_3)","decl":{"start":{"line":43,"column":4},"end":{"line":43,"column":5}},"loc":{"start":{"line":43,"column":41},"end":{"line":54,"column":5}}}},"branchMap":{"0":{"loc":{"start":{"line":18,"column":2},"end":{"line":26,"column":null}},"type":"switch","locations":[{"start":{"line":19,"column":4},"end":{"line":23,"column":8}},{"start":{"line":24,"column":4},"end":{"line":25,"column":19}}]},"1":{"loc":{"start":{"line":22,"column":12},"end":{"line":22,"column":43}},"type":"binary-expr","locations":[{"start":{"line":22,"column":12},"end":{"line":22,"column":26}},{"start":{"line":22,"column":30},"end":{"line":22,"column":43}}]},"2":{"loc":{"start":{"line":33,"column":4},"end":{"line":36,"column":null}},"type":"if","locations":[{"start":{"line":33,"column":4},"end":{"line":36,"column":null}},{"start":{"line":34,"column":9},"end":{"line":36,"column":null}}]}},"s":{"0":0,"1":0,"2":0,"3":0,"4":0,"5":0,"6":0,"7":0,"8":0,"9":0,"10":0,"11":0,"12":0,"13":0,"14":0,"15":0,"16":0,"17":0,"18":0,"19":0,"20":0,"21":0,"22":0,"23":0},"f":{"0":0,"1":0,"2":0,"3":0},"b":{"0":[0,0],"1":[0,0],"2":[0,0]}}
,"U:\\personal-projects\\todo-mern\\client\\src\\hooks\\useFetch.tsx": {"path":"U:\\personal-projects\\todo-mern\\client\\src\\hooks\\useFetch.tsx","statementMap":{"0":{"start":{"line":1,"column":0},"end":{"line":1,"column":26}},"1":{"start":{"line":2,"column":0},"end":{"line":2,"column":51}},"2":{"start":{"line":4,"column":17},"end":{"line":40,"column":1}},"3":{"start":{"line":8,"column":34},"end":{"line":8,"column":53}},"4":{"start":{"line":9,"column":28},"end":{"line":9,"column":47}},"5":{"start":{"line":10,"column":32},"end":{"line":10,"column":55}},"6":{"start":{"line":12,"column":2},"end":{"line":12,"column":29}},"7":{"start":{"line":14,"column":20},"end":{"line":33,"column":3}},"8":{"start":{"line":15,"column":19},"end":{"line":22,"column":6}},"9":{"start":{"line":24,"column":4},"end":{"line":32,"column":null}},"10":{"start":{"line":25,"column":6},"end":{"line":25,"column":23}},"11":{"start":{"line":26,"column":18},"end":{"line":26,"column":46}},"12":{"start":{"line":27,"column":6},"end":{"line":27,"column":33}},"13":{"start":{"line":28,"column":6},"end":{"line":28,"column":24}},"14":{"start":{"line":30,"column":6},"end":{"line":30,"column":24}},"15":{"start":{"line":31,"column":6},"end":{"line":31,"column":22}},"16":{"start":{"line":35,"column":2},"end":{"line":37,"column":27}},"17":{"start":{"line":36,"column":4},"end":{"line":36,"column":16}},"18":{"start":{"line":39,"column":2},"end":{"line":39,"column":62}},"19":{"start":{"line":42,"column":0},"end":{"line":42,"column":24}}},"fnMap":{"0":{"name":"(anonymous_0)","decl":{"start":{"line":4,"column":17},"end":{"line":4,"column":null}},"loc":{"start":{"line":7,"column":4},"end":{"line":40,"column":1}}},"1":{"name":"(anonymous_1)","decl":{"start":{"line":14,"column":20},"end":{"line":14,"column":25}},"loc":{"start":{"line":14,"column":31},"end":{"line":33,"column":3}}},"2":{"name":"(anonymous_2)","decl":{"start":{"line":35,"column":12},"end":{"line":35,"column":15}},"loc":{"start":{"line":35,"column":17},"end":{"line":37,"column":3}}}},"branchMap":{},"s":{"0":0,"1":0,"2":0,"3":0,"4":0,"5":0,"6":0,"7":0,"8":0,"9":0,"10":0,"11":0,"12":0,"13":0,"14":0,"15":0,"16":0,"17":0,"18":0,"19":0},"f":{"0":0,"1":0,"2":0},"b":{}}
,"U:\\personal-projects\\todo-mern\\client\\src\\pages\\ProtectedLayout.tsx": {"path":"U:\\personal-projects\\todo-mern\\client\\src\\pages\\ProtectedLayout.tsx","statementMap":{"0":{"start":{"line":1,"column":0},"end":{"line":1,"column":52}},"1":{"start":{"line":3,"column":0},"end":{"line":3,"column":42}},"2":{"start":{"line":5,"column":15},"end":{"line":14,"column":1}},"3":{"start":{"line":6,"column":2},"end":{"line":13,"column":4}},"4":{"start":{"line":16,"column":0},"end":{"line":16,"column":22}}},"fnMap":{"0":{"name":"(anonymous_0)","decl":{"start":{"line":5,"column":15},"end":{"line":5,"column":18}},"loc":{"start":{"line":5,"column":20},"end":{"line":14,"column":1}}}},"branchMap":{},"s":{"0":0,"1":0,"2":0,"3":0,"4":0},"f":{"0":0},"b":{}}
,"U:\\personal-projects\\todo-mern\\client\\src\\pages\\Todos.tsx": {"path":"U:\\personal-projects\\todo-mern\\client\\src\\pages\\Todos.tsx","statementMap":{"0":{"start":{"line":1,"column":0},"end":{"line":1,"column":null}},"1":{"start":{"line":8,"column":0},"end":{"line":8,"column":41}},"2":{"start":{"line":9,"column":0},"end":{"line":9,"column":null}},"3":{"start":{"line":15,"column":0},"end":{"line":15,"column":49}},"4":{"start":{"line":17,"column":0},"end":{"line":17,"column":50}},"5":{"start":{"line":18,"column":0},"end":{"line":18,"column":58}},"6":{"start":{"line":19,"column":0},"end":{"line":19,"column":63}},"7":{"start":{"line":20,"column":0},"end":{"line":20,"column":46}},"8":{"start":{"line":21,"column":0},"end":{"line":21,"column":56}},"9":{"start":{"line":23,"column":14},"end":{"line":178,"column":1}},"10":{"start":{"line":24,"column":38},"end":{"line":24,"column":50}},"11":{"start":{"line":25,"column":36},"end":{"line":25,"column":53}},"12":{"start":{"line":26,"column":34},"end":{"line":26,"column":49}},"13":{"start":{"line":28,"column":20},"end":{"line":28,"column":43}},"14":{"start":{"line":34,"column":6},"end":{"line":37,"column":4}},"15":{"start":{"line":38,"column":27},"end":{"line":38,"column":37}},"16":{"start":{"line":40,"column":22},"end":{"line":52,"column":3}},"17":{"start":{"line":41,"column":4},"end":{"line":41,"column":null}},"18":{"start":{"line":42,"column":19},"end":{"line":45,"column":6}},"19":{"start":{"line":47,"column":4},"end":{"line":47,"column":31}},"20":{"start":{"line":48,"column":4},"end":{"line":48,"column":41}},"21":{"start":{"line":49,"column":4},"end":{"line":49,"column":33}},"22":{"start":{"line":50,"column":4},"end":{"line":50,"column":22}},"23":{"start":{"line":51,"column":4},"end":{"line":51,"column":31}},"24":{"start":{"line":54,"column":27},"end":{"line":73,"column":3}},"25":{"start":{"line":55,"column":19},"end":{"line":59,"column":6}},"26":{"start":{"line":61,"column":22},"end":{"line":61,"column":32}},"27":{"start":{"line":62,"column":23},"end":{"line":62,"column":41}},"28":{"start":{"line":63,"column":4},"end":{"line":63,"column":68}},"29":{"start":{"line":63,"column":47},"end":{"line":63,"column":66}},"30":{"start":{"line":64,"column":4},"end":{"line":64,"column":29}},"31":{"start":{"line":65,"column":4},"end":{"line":65,"column":26}},"32":{"start":{"line":66,"column":4},"end":{"line":66,"column":22}},"33":{"start":{"line":68,"column":16},"end":{"line":68,"column":40}},"34":{"start":{"line":69,"column":4},"end":{"line":72,"column":null}},"35":{"start":{"line":70,"column":6},"end":{"line":70,"column":47}},"36":{"start":{"line":71,"column":6},"end":{"line":71,"column":33}},"37":{"start":{"line":75,"column":26},"end":{"line":89,"column":3}},"38":{"start":{"line":76,"column":24},"end":{"line":76,"column":34}},"39":{"start":{"line":77,"column":23},"end":{"line":77,"column":41}},"40":{"start":{"line":78,"column":4},"end":{"line":78,"column":65}},"41":{"start":{"line":79,"column":4},"end":{"line":81,"column":13}},"42":{"start":{"line":82,"column":4},"end":{"line":82,"column":31}},"43":{"start":{"line":84,"column":16},"end":{"line":84,"column":58}},"44":{"start":{"line":85,"column":4},"end":{"line":88,"column":null}},"45":{"start":{"line":86,"column":6},"end":{"line":86,"column":38}},"46":{"start":{"line":87,"column":6},"end":{"line":87,"column":33}},"47":{"start":{"line":91,"column":25},"end":{"line":107,"column":3}},"48":{"start":{"line":96,"column":24},"end":{"line":96,"column":34}},"49":{"start":{"line":97,"column":23},"end":{"line":97,"column":41}},"50":{"start":{"line":98,"column":4},"end":{"line":98,"column":57}},"51":{"start":{"line":99,"column":4},"end":{"line":99,"column":31}},"52":{"start":{"line":100,"column":4},"end":{"line":100,"column":24}},"53":{"start":{"line":101,"column":16},"end":{"line":101,"column":74}},"54":{"start":{"line":102,"column":4},"end":{"line":106,"column":null}},"55":{"start":{"line":103,"column":6},"end":{"line":103,"column":38}},"56":{"start":{"line":104,"column":6},"end":{"line":104,"column":31}},"57":{"start":{"line":105,"column":6},"end":{"line":105,"column":33}},"58":{"start":{"line":109,"column":32},"end":{"line":112,"column":3}},"59":{"start":{"line":110,"column":4},"end":{"line":110,"column":19}},"60":{"start":{"line":111,"column":4},"end":{"line":111,"column":33}},"61":{"start":{"line":114,"column":27},"end":{"line":116,"column":3}},"62":{"start":{"line":115,"column":4},"end":{"line":115,"column":68}},"63":{"start":{"line":118,"column":2},"end":{"line":177,"column":4}},"64":{"start":{"line":146,"column":16},"end":{"line":157,"column":18}},"65":{"start":{"line":180,"column":0},"end":{"line":180,"column":21}}},"fnMap":{"0":{"name":"(anonymous_0)","decl":{"start":{"line":23,"column":14},"end":{"line":23,"column":17}},"loc":{"start":{"line":23,"column":19},"end":{"line":178,"column":1}}},"1":{"name":"(anonymous_1)","decl":{"start":{"line":40,"column":22},"end":{"line":40,"column":27}},"loc":{"start":{"line":40,"column":45},"end":{"line":52,"column":3}}},"2":{"name":"(anonymous_2)","decl":{"start":{"line":54,"column":27},"end":{"line":54,"column":32}},"loc":{"start":{"line":54,"column":67},"end":{"line":73,"column":3}}},"3":{"name":"(anonymous_3)","decl":{"start":{"line":63,"column":37},"end":{"line":63,"column":38}},"loc":{"start":{"line":63,"column":47},"end":{"line":63,"column":66}}},"4":{"name":"(anonymous_4)","decl":{"start":{"line":75,"column":26},"end":{"line":75,"column":31}},"loc":{"start":{"line":75,"column":66},"end":{"line":89,"column":3}}},"5":{"name":"(anonymous_5)","decl":{"start":{"line":91,"column":25},"end":{"line":91,"column":30}},"loc":{"start":{"line":95,"column":6},"end":{"line":107,"column":3}}},"6":{"name":"(anonymous_6)","decl":{"start":{"line":109,"column":32},"end":{"line":109,"column":33}},"loc":{"start":{"line":109,"column":70},"end":{"line":112,"column":3}}},"7":{"name":"(anonymous_7)","decl":{"start":{"line":114,"column":27},"end":{"line":114,"column":32}},"loc":{"start":{"line":114,"column":51},"end":{"line":116,"column":3}}},"8":{"name":"(anonymous_8)","decl":{"start":{"line":145,"column":24},"end":{"line":145,"column":25}},"loc":{"start":{"line":145,"column":53},"end":{"line":158,"column":15}}}},"branchMap":{"0":{"loc":{"start":{"line":69,"column":4},"end":{"line":72,"column":null}},"type":"if","locations":[{"start":{"line":69,"column":4},"end":{"line":72,"column":null}}]},"1":{"loc":{"start":{"line":79,"column":37},"end":{"line":81,"column":12}},"type":"cond-expr","locations":[{"start":{"line":80,"column":8},"end":{"line":80,"column":18}},{"start":{"line":81,"column":8},"end":{"line":81,"column":12}}]},"2":{"loc":{"start":{"line":85,"column":4},"end":{"line":88,"column":null}},"type":"if","locations":[{"start":{"line":85,"column":4},"end":{"line":88,"column":null}}]},"3":{"loc":{"start":{"line":102,"column":4},"end":{"line":106,"column":null}},"type":"if","locations":[{"start":{"line":102,"column":4},"end":{"line":106,"column":null}}]},"4":{"loc":{"start":{"line":115,"column":4},"end":{"line":115,"column":67}},"type":"cond-expr","locations":[{"start":{"line":115,"column":27},"end":{"line":115,"column":44}},{"start":{"line":115,"column":47},"end":{"line":115,"column":67}}]},"5":{"loc":{"start":{"line":122,"column":15},"end":{"line":122,"column":44}},"type":"binary-expr","locations":[{"start":{"line":122,"column":15},"end":{"line":122,"column":28}},{"start":{"line":122,"column":32},"end":{"line":122,"column":44}}]},"6":{"loc":{"start":{"line":138,"column":10},"end":{"line":138,"column":null}},"type":"cond-expr","locations":[{"start":{"line":138,"column":22},"end":{"line":138,"column":40}},{"start":{"line":138,"column":43},"end":{"line":138,"column":null}}]},"7":{"loc":{"start":{"line":143,"column":11},"end":{"line":169,"column":null}},"type":"cond-expr","locations":[{"start":{"line":144,"column":12},"end":{"line":164,"column":null}},{"start":{"line":167,"column":12},"end":{"line":168,"column":null}}]},"8":{"loc":{"start":{"line":143,"column":11},"end":{"line":143,"column":28}},"type":"binary-expr","locations":[{"start":{"line":143,"column":11},"end":{"line":143,"column":16}},{"start":{"line":143,"column":20},"end":{"line":143,"column":28}}]},"9":{"loc":{"start":{"line":144,"column":12},"end":{"line":164,"column":null}},"type":"cond-expr","locations":[{"start":{"line":145,"column":14},"end":{"line":158,"column":16}},{"start":{"line":160,"column":14},"end":{"line":163,"column":null}}]},"10":{"loc":{"start":{"line":161,"column":17},"end":{"line":163,"column":48}},"type":"cond-expr","locations":[{"start":{"line":162,"column":20},"end":{"line":162,"column":46}},{"start":{"line":163,"column":20},"end":{"line":163,"column":48}}]}},"s":{"0":1,"1":1,"2":1,"3":1,"4":1,"5":1,"6":1,"7":1,"8":1,"9":1,"10":3,"11":2,"12":2,"13":2,"14":2,"15":2,"16":2,"17":1,"18":1,"19":1,"20":1,"21":1,"22":1,"23":0,"24":2,"25":0,"26":0,"27":0,"28":0,"29":0,"30":0,"31":0,"32":0,"33":0,"34":0,"35":0,"36":0,"37":2,"38":0,"39":0,"40":0,"41":0,"42":0,"43":0,"44":0,"45":0,"46":0,"47":2,"48":0,"49":0,"50":0,"51":0,"52":0,"53":0,"54":0,"55":0,"56":0,"57":0,"58":2,"59":0,"60":0,"61":2,"62":0,"63":2,"64":4,"65":1},"f":{"0":3,"1":1,"2":0,"3":0,"4":0,"5":0,"6":0,"7":0,"8":4},"b":{"0":[0],"1":[0,0],"2":[0],"3":[0],"4":[0,0],"5":[2,2],"6":[2,0],"7":[2,0],"8":[2,0],"9":[2,0],"10":[0,0]}}
,"U:\\personal-projects\\todo-mern\\client\\src\\types\\index.tsx": {"path":"U:\\personal-projects\\todo-mern\\client\\src\\types\\index.tsx","statementMap":{"0":{"start":{"line":1,"column":0},"end":{"line":1,"column":null}},"1":{"start":{"line":2,"column":2},"end":{"line":2,"column":null}},"2":{"start":{"line":3,"column":2},"end":{"line":3,"column":null}},"3":{"start":{"line":4,"column":2},"end":{"line":4,"column":null}}},"fnMap":{"0":{"name":"(anonymous_0)","decl":{"start":{"line":1,"column":0},"end":{"line":1,"column":12}},"loc":{"start":{"line":1,"column":25},"end":{"line":5,"column":1}}}},"branchMap":{"0":{"loc":{"start":{"line":1,"column":12},"end":{"line":1,"column":null}},"type":"binary-expr","locations":[{"start":{"line":1,"column":12},"end":{"line":1,"column":25}},{"start":{"line":1,"column":12},"end":{"line":1,"column":null}}]}},"s":{"0":0,"1":0,"2":0,"3":0},"f":{"0":0},"b":{"0":[0,0]}}
,"U:\\personal-projects\\todo-mern\\client\\src\\utils\\api.tsx": {"path":"U:\\personal-projects\\todo-mern\\client\\src\\utils\\api.tsx","statementMap":{"0":{"start":{"line":1,"column":0},"end":{"line":1,"column":42}},"1":{"start":{"line":2,"column":0},"end":{"line":2,"column":42}},"2":{"start":{"line":3,"column":0},"end":{"line":3,"column":45}},"3":{"start":{"line":5,"column":24},"end":{"line":25,"column":1}},"4":{"start":{"line":15,"column":15},"end":{"line":19,"column":4}},"5":{"start":{"line":21,"column":14},"end":{"line":21,"column":53}},"6":{"start":{"line":22,"column":2},"end":{"line":22,"column":74}},"7":{"start":{"line":22,"column":26},"end":{"line":22,"column":74}},"8":{"start":{"line":24,"column":2},"end":{"line":24,"column":19}},"9":{"start":{"line":5,"column":13},"end":{"line":5,"column":24}},"10":{"start":{"line":26,"column":26},"end":{"line":47,"column":1}},"11":{"start":{"line":35,"column":15},"end":{"line":39,"column":4}},"12":{"start":{"line":41,"column":2},"end":{"line":46,"column":null}},"13":{"start":{"line":42,"column":16},"end":{"line":42,"column":64}},"14":{"start":{"line":43,"column":4},"end":{"line":43,"column":52}},"15":{"start":{"line":45,"column":4},"end":{"line":45,"column":35}},"16":{"start":{"line":26,"column":13},"end":{"line":26,"column":26}},"17":{"start":{"line":49,"column":25},"end":{"line":60,"column":1}},"18":{"start":{"line":50,"column":2},"end":{"line":59,"column":null}},"19":{"start":{"line":51,"column":23},"end":{"line":51,"column":42}},"20":{"start":{"line":53,"column":4},"end":{"line":53,"column":23}},"21":{"start":{"line":54,"column":4},"end":{"line":54,"column":43}},"22":{"start":{"line":57,"column":4},"end":{"line":57,"column":33}},"23":{"start":{"line":58,"column":4},"end":{"line":58,"column":49}},"24":{"start":{"line":62,"column":31},"end":{"line":77,"column":1}},"25":{"start":{"line":63,"column":14},"end":{"line":63,"column":45}},"26":{"start":{"line":64,"column":15},"end":{"line":68,"column":4}},"27":{"start":{"line":70,"column":2},"end":{"line":76,"column":null}},"28":{"start":{"line":71,"column":16},"end":{"line":71,"column":51}},"29":{"start":{"line":73,"column":4},"end":{"line":73,"column":52}},"30":{"start":{"line":75,"column":4},"end":{"line":75,"column":35}},"31":{"start":{"line":62,"column":13},"end":{"line":62,"column":31}},"32":{"start":{"line":79,"column":30},"end":{"line":102,"column":1}},"33":{"start":{"line":88,"column":14},"end":{"line":88,"column":45}},"34":{"start":{"line":89,"column":15},"end":{"line":93,"column":4}},"35":{"start":{"line":95,"column":2},"end":{"line":101,"column":null}},"36":{"start":{"line":96,"column":16},"end":{"line":96,"column":54}},"37":{"start":{"line":98,"column":4},"end":{"line":98,"column":52}},"38":{"start":{"line":100,"column":4},"end":{"line":100,"column":35}},"39":{"start":{"line":79,"column":13},"end":{"line":79,"column":30}},"40":{"start":{"line":104,"column":27},"end":{"line":114,"column":1}},"41":{"start":{"line":105,"column":2},"end":{"line":113,"column":null}},"42":{"start":{"line":106,"column":16},"end":{"line":109,"column":6}},"43":{"start":{"line":110,"column":4},"end":{"line":110,"column":54}},"44":{"start":{"line":112,"column":4},"end":{"line":112,"column":44}},"45":{"start":{"line":104,"column":13},"end":{"line":104,"column":27}},"46":{"start":{"line":116,"column":25},"end":{"line":127,"column":1}},"47":{"start":{"line":120,"column":2},"end":{"line":126,"column":null}},"48":{"start":{"line":121,"column":16},"end":{"line":121,"column":74}},"49":{"start":{"line":122,"column":4},"end":{"line":122,"column":15}},"50":{"start":{"line":124,"column":16},"end":{"line":124,"column":35}},"51":{"start":{"line":125,"column":4},"end":{"line":125,"column":24}},"52":{"start":{"line":116,"column":13},"end":{"line":116,"column":25}},"53":{"start":{"line":129,"column":28},"end":{"line":152,"column":1}},"54":{"start":{"line":135,"column":2},"end":{"line":151,"column":null}},"55":{"start":{"line":137,"column":4},"end":{"line":141,"column":null}},"56":{"start":{"line":138,"column":6},"end":{"line":138,"column":39}},"57":{"start":{"line":139,"column":35},"end":{"line":139,"column":73}},"58":{"start":{"line":140,"column":6},"end":{"line":140,"column":30}},"59":{"start":{"line":143,"column":16},"end":{"line":146,"column":6}},"60":{"start":{"line":147,"column":4},"end":{"line":147,"column":15}},"61":{"start":{"line":149,"column":16},"end":{"line":149,"column":35}},"62":{"start":{"line":150,"column":4},"end":{"line":150,"column":24}},"63":{"start":{"line":129,"column":13},"end":{"line":129,"column":28}}},"fnMap":{"0":{"name":"(anonymous_0)","decl":{"start":{"line":5,"column":24},"end":{"line":5,"column":29}},"loc":{"start":{"line":14,"column":4},"end":{"line":25,"column":1}}},"1":{"name":"(anonymous_1)","decl":{"start":{"line":26,"column":26},"end":{"line":26,"column":31}},"loc":{"start":{"line":34,"column":5},"end":{"line":47,"column":1}}},"2":{"name":"(anonymous_2)","decl":{"start":{"line":49,"column":25},"end":{"line":49,"column":26}},"loc":{"start":{"line":49,"column":40},"end":{"line":60,"column":1}}},"3":{"name":"(anonymous_3)","decl":{"start":{"line":62,"column":31},"end":{"line":62,"column":36}},"loc":{"start":{"line":62,"column":71},"end":{"line":77,"column":1}}},"4":{"name":"(anonymous_4)","decl":{"start":{"line":79,"column":30},"end":{"line":79,"column":35}},"loc":{"start":{"line":87,"column":5},"end":{"line":102,"column":1}}},"5":{"name":"(anonymous_5)","decl":{"start":{"line":104,"column":27},"end":{"line":104,"column":32}},"loc":{"start":{"line":104,"column":47},"end":{"line":114,"column":1}}},"6":{"name":"(anonymous_6)","decl":{"start":{"line":116,"column":25},"end":{"line":116,"column":30}},"loc":{"start":{"line":119,"column":5},"end":{"line":127,"column":1}}},"7":{"name":"(anonymous_7)","decl":{"start":{"line":129,"column":28},"end":{"line":129,"column":33}},"loc":{"start":{"line":134,"column":5},"end":{"line":152,"column":1}}}},"branchMap":{"0":{"loc":{"start":{"line":22,"column":2},"end":{"line":22,"column":74}},"type":"if","locations":[{"start":{"line":22,"column":2},"end":{"line":22,"column":74}}]},"1":{"loc":{"start":{"line":50,"column":2},"end":{"line":59,"column":null}},"type":"if","locations":[{"start":{"line":50,"column":2},"end":{"line":59,"column":null}},{"start":{"line":55,"column":9},"end":{"line":59,"column":null}}]},"2":{"loc":{"start":{"line":137,"column":4},"end":{"line":141,"column":null}},"type":"if","locations":[{"start":{"line":137,"column":4},"end":{"line":141,"column":null}}]}},"s":{"0":0,"1":0,"2":0,"3":0,"4":0,"5":0,"6":0,"7":0,"8":0,"9":0,"10":0,"11":0,"12":0,"13":0,"14":0,"15":0,"16":0,"17":0,"18":0,"19":0,"20":0,"21":0,"22":0,"23":0,"24":0,"25":0,"26":0,"27":0,"28":0,"29":0,"30":0,"31":0,"32":0,"33":0,"34":0,"35":0,"36":0,"37":0,"38":0,"39":0,"40":0,"41":0,"42":0,"43":0,"44":0,"45":0,"46":0,"47":0,"48":0,"49":0,"50":0,"51":0,"52":0,"53":0,"54":0,"55":0,"56":0,"57":0,"58":0,"59":0,"60":0,"61":0,"62":0,"63":0},"f":{"0":0,"1":0,"2":0,"3":0,"4":0,"5":0,"6":0,"7":0},"b":{"0":[0],"1":[0,0],"2":[0]}}
,"U:\\personal-projects\\todo-mern\\client\\src\\utils\\constants.tsx": {"path":"U:\\personal-projects\\todo-mern\\client\\src\\utils\\constants.tsx","statementMap":{"0":{"start":{"line":1,"column":0},"end":{"line":1,"column":27}},"1":{"start":{"line":4,"column":13},"end":{"line":4,"column":null}},"2":{"start":{"line":6,"column":13},"end":{"line":7,"column":104}},"3":{"start":{"line":9,"column":13},"end":{"line":18,"column":3}},"4":{"start":{"line":20,"column":13},"end":{"line":26,"column":3}}},"fnMap":{},"branchMap":{},"s":{"0":1,"1":1,"2":1,"3":1,"4":1},"f":{},"b":{}}
,"U:\\personal-projects\\todo-mern\\client\\src\\utils\\helperFunction.tsx": {"path":"U:\\personal-projects\\todo-mern\\client\\src\\utils\\helperFunction.tsx","statementMap":{"0":{"start":{"line":1,"column":25},"end":{"line":7,"column":4}},"1":{"start":{"line":2,"column":2},"end":{"line":7,"column":4}},"2":{"start":{"line":3,"column":19},"end":{"line":3,"column":35}},"3":{"start":{"line":4,"column":4},"end":{"line":4,"column":31}},"4":{"start":{"line":5,"column":4},"end":{"line":5,"column":49}},"5":{"start":{"line":5,"column":26},"end":{"line":5,"column":48}},"6":{"start":{"line":6,"column":4},"end":{"line":6,"column":46}},"7":{"start":{"line":6,"column":32},"end":{"line":6,"column":45}},"8":{"start":{"line":1,"column":13},"end":{"line":1,"column":25}}},"fnMap":{"0":{"name":"(anonymous_0)","decl":{"start":{"line":1,"column":25},"end":{"line":1,"column":26}},"loc":{"start":{"line":2,"column":2},"end":{"line":7,"column":4}}},"1":{"name":"(anonymous_1)","decl":{"start":{"line":2,"column":14},"end":{"line":2,"column":15}},"loc":{"start":{"line":2,"column":34},"end":{"line":7,"column":3}}},"2":{"name":"(anonymous_2)","decl":{"start":{"line":5,"column":20},"end":{"line":5,"column":23}},"loc":{"start":{"line":5,"column":26},"end":{"line":5,"column":48}}},"3":{"name":"(anonymous_3)","decl":{"start":{"line":6,"column":21},"end":{"line":6,"column":22}},"loc":{"start":{"line":6,"column":32},"end":{"line":6,"column":45}}}},"branchMap":{},"s":{"0":0,"1":0,"2":0,"3":0,"4":0,"5":0,"6":0,"7":0,"8":0},"f":{"0":0,"1":0,"2":0,"3":0},"b":{}}
}
