TN:
SF:src\App.tsx
FN:28,App
FNF:1
FNH:0
FNDA:0,App
DA:1,0
DA:2,0
DA:9,0
DA:10,0
DA:11,0
DA:12,0
DA:13,0
DA:16,0
DA:18,0
DA:29,0
DA:31,0
DA:33,0
DA:34,0
DA:41,0
DA:44,0
LF:15
LH:0
BRDA:33,0,0,0
BRDA:34,1,0,0
BRDA:34,1,1,0
BRF:3
BRH:0
end_of_record
TN:
SF:src\main.tsx
FNF:0
FNH:0
DA:1,0
DA:2,0
DA:3,0
DA:4,0
DA:6,0
DA:8,0
DA:10,0
LF:7
LH:0
BRF:0
BRH:0
end_of_record
TN:
SF:src\vite-env.d.ts
FNF:0
FNH:0
LF:0
LH:0
BRF:0
BRH:0
end_of_record
TN:
SF:src\components\InputField.tsx
FN:6,(anonymous_0)
FN:11,(anonymous_1)
FN:16,(anonymous_2)
FN:29,(anonymous_3)
FN:55,(anonymous_4)
FN:55,(anonymous_5)
FNF:6
FNH:6
FNDA:12,(anonymous_0)
FNDA:8,(anonymous_1)
FNDA:1,(anonymous_2)
FNDA:8,(anonymous_3)
FNDA:1,(anonymous_4)
FNDA:1,(anonymous_5)
DA:1,1
DA:6,1
DA:7,12
DA:8,12
DA:9,12
DA:11,12
DA:12,8
DA:13,8
DA:16,12
DA:17,1
DA:18,1
DA:19,0
DA:20,0
DA:21,0
DA:23,1
DA:24,1
DA:25,1
DA:26,0
DA:29,12
DA:30,8
DA:31,0
DA:32,0
DA:33,0
DA:36,0
DA:37,0
DA:38,0
DA:42,12
DA:55,1
DA:94,1
LF:29
LH:19
BRDA:18,0,0,0
BRDA:30,1,0,0
BRDA:31,2,0,0
BRDA:44,3,0,10
BRDA:44,3,1,2
BRDA:63,4,0,10
BRDA:63,4,1,2
BRDA:66,5,0,12
BRDA:66,5,1,10
BRDA:73,6,0,10
BRDA:73,6,1,10
BRF:11
BRH:8
end_of_record
TN:
SF:src\components\LoadingSpinner.tsx
FN:3,(anonymous_0)
FNF:1
FNH:0
FNDA:0,(anonymous_0)
DA:3,1
DA:4,0
DA:27,1
LF:3
LH:2
BRF:0
BRH:0
end_of_record
TN:
SF:src\components\Login.tsx
FN:14,(anonymous_0)
FN:21,(anonymous_1)
FN:37,(anonymous_2)
FN:48,(anonymous_3)
FN:68,(anonymous_4)
FNF:5
FNH:0
FNDA:0,(anonymous_0)
FNDA:0,(anonymous_1)
FNDA:0,(anonymous_2)
FNDA:0,(anonymous_3)
FNDA:0,(anonymous_4)
DA:1,0
DA:2,0
DA:4,0
DA:5,0
DA:6,0
DA:7,0
DA:8,0
DA:14,0
DA:15,0
DA:17,0
DA:18,0
DA:19,0
DA:21,0
DA:22,0
DA:23,0
DA:24,0
DA:25,0
DA:26,0
DA:27,0
DA:30,0
DA:46,0
DA:48,0
DA:49,0
DA:50,0
DA:52,0
DA:68,0
DA:179,0
LF:27
LH:0
BRDA:24,0,0,0
BRDA:24,0,1,0
BRDA:81,1,0,0
BRDA:81,1,1,0
BRDA:103,2,0,0
BRDA:103,2,1,0
BRDA:103,3,0,0
BRDA:103,3,1,0
BRDA:108,4,0,0
BRDA:108,4,1,0
BRDA:108,4,2,0
BRDA:135,5,0,0
BRDA:135,5,1,0
BRDA:135,6,0,0
BRDA:135,6,1,0
BRDA:140,7,0,0
BRDA:140,7,1,0
BRDA:140,7,2,0
BRDA:143,8,0,0
BRDA:143,8,1,0
BRDA:157,9,0,0
BRDA:157,9,1,0
BRDA:169,10,0,0
BRDA:169,10,1,0
BRF:24
BRH:0
end_of_record
TN:
SF:src\components\ModalMsg.tsx
FN:6,(anonymous_0)
FN:10,(anonymous_1)
FNF:2
FNH:0
FNDA:0,(anonymous_0)
FNDA:0,(anonymous_1)
DA:6,0
DA:7,0
DA:10,0
DA:25,0
LF:4
LH:0
BRF:0
BRH:0
end_of_record
TN:
SF:src\components\NavigationBar.tsx
FN:9,(anonymous_0)
FN:49,(anonymous_1)
FN:49,(anonymous_2)
FNF:3
FNH:1
FNDA:2,(anonymous_0)
FNDA:0,(anonymous_1)
FNDA:0,(anonymous_2)
DA:9,1
DA:14,2
DA:49,0
DA:55,1
LF:4
LH:3
BRDA:46,0,0,0
BRDA:46,0,1,2
BRF:2
BRH:1
end_of_record
TN:
SF:src\components\Register.tsx
FN:13,(anonymous_0)
FN:19,(anonymous_1)
FN:39,(anonymous_2)
FN:66,(anonymous_3)
FN:174,(anonymous_4)
FNF:5
FNH:0
FNDA:0,(anonymous_0)
FNDA:0,(anonymous_1)
FNDA:0,(anonymous_2)
FNDA:0,(anonymous_3)
FNDA:0,(anonymous_4)
DA:1,0
DA:2,0
DA:4,0
DA:5,0
DA:6,0
DA:7,0
DA:13,0
DA:14,0
DA:16,0
DA:17,0
DA:19,0
DA:23,0
DA:24,0
DA:25,0
DA:26,0
DA:27,0
DA:29,0
DA:30,0
DA:33,0
DA:49,0
DA:50,0
DA:66,0
DA:175,0
DA:222,0
LF:24
LH:0
BRDA:26,0,0,0
BRDA:26,0,1,0
BRDA:79,1,0,0
BRDA:79,1,1,0
BRDA:101,2,0,0
BRDA:101,2,1,0
BRDA:101,3,0,0
BRDA:101,3,1,0
BRDA:106,4,0,0
BRDA:106,4,1,0
BRDA:106,4,2,0
BRDA:125,5,0,0
BRDA:125,5,1,0
BRDA:125,6,0,0
BRDA:125,6,1,0
BRDA:130,7,0,0
BRDA:130,7,1,0
BRDA:130,7,2,0
BRDA:151,8,0,0
BRDA:151,8,1,0
BRDA:151,9,0,0
BRDA:151,9,1,0
BRDA:156,10,0,0
BRDA:156,10,1,0
BRDA:156,10,2,0
BRDA:181,11,0,0
BRDA:181,11,1,0
BRDA:208,12,0,0
BRDA:208,12,1,0
BRF:29
BRH:0
end_of_record
TN:
SF:src\components\TodoItem.tsx
FN:14,(anonymous_0)
FN:26,(anonymous_1)
FN:33,(anonymous_2)
FN:52,(anonymous_3)
FN:62,(anonymous_4)
FNF:5
FNH:2
FNDA:4,(anonymous_0)
FNDA:0,(anonymous_1)
FNDA:4,(anonymous_2)
FNDA:0,(anonymous_3)
FNDA:0,(anonymous_4)
DA:1,1
DA:14,1
DA:24,4
DA:25,4
DA:26,4
DA:28,0
DA:29,0
DA:33,4
DA:34,4
DA:37,4
DA:52,0
DA:63,0
DA:64,0
DA:100,1
LF:14
LH:9
BRDA:40,0,0,0
BRDA:40,0,1,4
BRDA:57,1,0,0
BRDA:57,1,1,4
BRDA:72,2,0,2
BRDA:72,2,1,2
BRDA:85,3,0,4
BRDA:85,3,1,0
BRF:8
BRH:5
end_of_record
TN:
SF:src\components\TopBar.tsx
FN:7,(anonymous_0)
FN:13,(anonymous_1)
FNF:2
FNH:0
FNDA:0,(anonymous_0)
FNDA:0,(anonymous_1)
DA:1,0
DA:3,0
DA:7,0
DA:8,0
DA:9,0
DA:13,0
DA:21,0
LF:7
LH:0
BRF:0
BRH:0
end_of_record
TN:
SF:src\context\UserContext.tsx
FN:12,(anonymous_0)
FNF:1
FNH:0
FNDA:0,(anonymous_0)
DA:1,1
DA:4,1
DA:16,1
DA:18,1
LF:4
LH:4
BRF:0
BRH:0
end_of_record
TN:
SF:src\context\UserReducer.tsx
FN:17,(anonymous_0)
FN:29,(anonymous_1)
FN:41,usePersistReducer
FN:43,(anonymous_3)
FNF:4
FNH:0
FNDA:0,(anonymous_0)
FNDA:0,(anonymous_1)
FNDA:0,usePersistReducer
FNDA:0,(anonymous_3)
DA:1,0
DA:4,0
DA:5,0
DA:13,0
DA:17,0
DA:18,0
DA:20,0
DA:25,0
DA:29,0
DA:30,0
DA:31,0
DA:32,0
DA:33,0
DA:35,0
DA:37,0
DA:41,0
DA:42,0
DA:44,0
DA:45,0
DA:47,0
DA:53,0
DA:57,0
LF:22
LH:0
BRDA:18,0,0,0
BRDA:18,0,1,0
BRDA:22,1,0,0
BRDA:22,1,1,0
BRDA:33,2,0,0
BRDA:33,2,1,0
BRF:6
BRH:0
end_of_record
TN:
SF:src\hooks\useFetch.tsx
FN:4,(anonymous_0)
FN:14,(anonymous_1)
FN:35,(anonymous_2)
FNF:3
FNH:0
FNDA:0,(anonymous_0)
FNDA:0,(anonymous_1)
FNDA:0,(anonymous_2)
DA:1,0
DA:2,0
DA:4,0
DA:8,0
DA:9,0
DA:10,0
DA:12,0
DA:14,0
DA:15,0
DA:24,0
DA:25,0
DA:26,0
DA:27,0
DA:28,0
DA:30,0
DA:31,0
DA:35,0
DA:36,0
DA:39,0
DA:42,0
LF:20
LH:0
BRF:0
BRH:0
end_of_record
TN:
SF:src\pages\ProtectedLayout.tsx
FN:5,(anonymous_0)
FNF:1
FNH:0
FNDA:0,(anonymous_0)
DA:1,0
DA:3,0
DA:5,0
DA:6,0
DA:16,0
LF:5
LH:0
BRF:0
BRH:0
end_of_record
TN:
SF:src\pages\Todos.tsx
FN:23,(anonymous_0)
FN:40,(anonymous_1)
FN:54,(anonymous_2)
FN:63,(anonymous_3)
FN:75,(anonymous_4)
FN:91,(anonymous_5)
FN:109,(anonymous_6)
FN:114,(anonymous_7)
FN:145,(anonymous_8)
FNF:9
FNH:3
FNDA:3,(anonymous_0)
FNDA:1,(anonymous_1)
FNDA:0,(anonymous_2)
FNDA:0,(anonymous_3)
FNDA:0,(anonymous_4)
FNDA:0,(anonymous_5)
FNDA:0,(anonymous_6)
FNDA:0,(anonymous_7)
FNDA:4,(anonymous_8)
DA:1,1
DA:8,1
DA:9,1
DA:15,1
DA:17,1
DA:18,1
DA:19,1
DA:20,1
DA:21,1
DA:23,1
DA:24,3
DA:25,2
DA:26,2
DA:28,2
DA:34,2
DA:38,2
DA:40,2
DA:41,1
DA:42,1
DA:47,1
DA:48,1
DA:49,1
DA:50,1
DA:51,0
DA:54,2
DA:55,0
DA:61,0
DA:62,0
DA:63,0
DA:64,0
DA:65,0
DA:66,0
DA:68,0
DA:69,0
DA:70,0
DA:71,0
DA:75,2
DA:76,0
DA:77,0
DA:78,0
DA:79,0
DA:82,0
DA:84,0
DA:85,0
DA:86,0
DA:87,0
DA:91,2
DA:96,0
DA:97,0
DA:98,0
DA:99,0
DA:100,0
DA:101,0
DA:102,0
DA:103,0
DA:104,0
DA:105,0
DA:109,2
DA:110,0
DA:111,0
DA:114,2
DA:115,0
DA:118,2
DA:146,4
DA:180,1
LF:65
LH:31
BRDA:69,0,0,0
BRDA:79,1,0,0
BRDA:79,1,1,0
BRDA:85,2,0,0
BRDA:102,3,0,0
BRDA:115,4,0,0
BRDA:115,4,1,0
BRDA:122,5,0,2
BRDA:122,5,1,2
BRDA:138,6,0,2
BRDA:138,6,1,0
BRDA:143,7,0,2
BRDA:143,7,1,0
BRDA:143,8,0,2
BRDA:143,8,1,0
BRDA:144,9,0,2
BRDA:144,9,1,0
BRDA:161,10,0,0
BRDA:161,10,1,0
BRF:19
BRH:6
end_of_record
TN:
SF:src\types\index.tsx
FN:1,(anonymous_0)
FNF:1
FNH:0
FNDA:0,(anonymous_0)
DA:1,0
DA:2,0
DA:3,0
DA:4,0
LF:4
LH:0
BRDA:1,0,0,0
BRDA:1,0,1,0
BRF:2
BRH:0
end_of_record
TN:
SF:src\utils\api.tsx
FN:5,(anonymous_0)
FN:26,(anonymous_1)
FN:49,(anonymous_2)
FN:62,(anonymous_3)
FN:79,(anonymous_4)
FN:104,(anonymous_5)
FN:116,(anonymous_6)
FN:129,(anonymous_7)
FNF:8
FNH:0
FNDA:0,(anonymous_0)
FNDA:0,(anonymous_1)
FNDA:0,(anonymous_2)
FNDA:0,(anonymous_3)
FNDA:0,(anonymous_4)
FNDA:0,(anonymous_5)
FNDA:0,(anonymous_6)
FNDA:0,(anonymous_7)
DA:1,0
DA:2,0
DA:3,0
DA:5,0
DA:15,0
DA:21,0
DA:22,0
DA:24,0
DA:26,0
DA:35,0
DA:41,0
DA:42,0
DA:43,0
DA:45,0
DA:49,0
DA:50,0
DA:51,0
DA:53,0
DA:54,0
DA:57,0
DA:58,0
DA:62,0
DA:63,0
DA:64,0
DA:70,0
DA:71,0
DA:73,0
DA:75,0
DA:79,0
DA:88,0
DA:89,0
DA:95,0
DA:96,0
DA:98,0
DA:100,0
DA:104,0
DA:105,0
DA:106,0
DA:110,0
DA:112,0
DA:116,0
DA:120,0
DA:121,0
DA:122,0
DA:124,0
DA:125,0
DA:129,0
DA:135,0
DA:137,0
DA:138,0
DA:139,0
DA:140,0
DA:143,0
DA:147,0
DA:149,0
DA:150,0
LF:56
LH:0
BRDA:22,0,0,0
BRDA:50,1,0,0
BRDA:50,1,1,0
BRDA:137,2,0,0
BRF:4
BRH:0
end_of_record
TN:
SF:src\utils\constants.tsx
FNF:0
FNH:0
DA:1,1
DA:4,1
DA:6,1
DA:9,1
DA:20,1
LF:5
LH:5
BRF:0
BRH:0
end_of_record
TN:
SF:src\utils\helperFunction.tsx
FN:1,(anonymous_0)
FN:2,(anonymous_1)
FN:5,(anonymous_2)
FN:6,(anonymous_3)
FNF:4
FNH:0
FNDA:0,(anonymous_0)
FNDA:0,(anonymous_1)
FNDA:0,(anonymous_2)
FNDA:0,(anonymous_3)
DA:1,0
DA:2,0
DA:3,0
DA:4,0
DA:5,0
DA:6,0
LF:6
LH:0
BRF:0
BRH:0
end_of_record
